[     166ms] [INFO] %cDownload the React DevTools for a better development experience: https://react.dev/link/react-devtools font-weight:bold @ http://localhost:3000/_next/static/chunks/dd884_next_dist_273b0bec._.js:2297
[     201ms] [LOG] [HMR] connected @ http://localhost:3000/_next/static/chunks/dd884_next_dist_273b0bec._.js:2297
[     278ms] [LOG] [gateway-client] Connected @ http://localhost:3000/_next/static/chunks/dd884_next_dist_273b0bec._.js:2297
[     291ms] [ERROR] Failed to load resource: the server responded with a status of 401 (Unauthorized) @ http://localhost:3001/api/v1/cognitive/stats:0
[     294ms] [ERROR] Failed to load resource: the server responded with a status of 401 (Unauthorized) @ http://localhost:3001/api/v1/cognitive/stats:0
[    1589ms] [WARNING] [gateway-client] Auth rejected by gateway, attempting token refresh... @ http://localhost:3000/_next/static/chunks/dd884_next_dist_273b0bec._.js:2297
[    2654ms] [ERROR] Failed to load resource: the server responded with a status of 401 (Unauthorized) @ http://localhost:3001/api/v1/auth/refresh:0
[    2656ms] [WARNING] [gateway-client] Token refresh failed, forcing logout @ http://localhost:3000/_next/static/chunks/dd884_next_dist_273b0bec._.js:2297
[    2656ms] [LOG] [gateway-client] Auth logout detected, disconnecting @ http://localhost:3000/_next/static/chunks/dd884_next_dist_273b0bec._.js:2297
[   11143ms] [ERROR] Failed to load resource: the server responded with a status of 401 (Unauthorized) @ http://localhost:3001/api/v1/auth/login:0
[   61875ms] [LOG] [gateway-client] Connected @ http://localhost:3000/_next/static/chunks/dd884_next_dist_273b0bec._.js:2297
[  330480ms] [WARNING] [gateway-client] Not connected, message queued @ http://localhost:3000/_next/static/chunks/dd884_next_dist_273b0bec._.js:2297
[  330487ms] [LOG] [gateway-client] Connected @ http://localhost:3000/_next/static/chunks/dd884_next_dist_273b0bec._.js:2297
[  421185ms] [WARNING] [gateway-client] Not connected, message queued @ http://localhost:3000/_next/static/chunks/dd884_next_dist_273b0bec._.js:2297
[  444229ms] [ERROR] Failed to load resource: the server responded with a status of 500 (Internal Server Error) @ http://localhost:3001/api/v1/daily/briefing:0
[  444420ms] [ERROR] Failed to load resource: the server responded with a status of 500 (Internal Server Error) @ http://localhost:3001/api/v1/daily/briefing:0
[ 2746159ms] [LOG] [Fast Refresh] rebuilding @ http://localhost:3000/_next/static/chunks/dd884_next_dist_273b0bec._.js:2297
[ 2746177ms] [LOG] [Fast Refresh] done in 122ms @ http://localhost:3000/_next/static/chunks/dd884_next_dist_273b0bec._.js:2297
[ 2891338ms] [LOG] [Fast Refresh] rebuilding @ http://localhost:3000/_next/static/chunks/dd884_next_dist_273b0bec._.js:2297
[ 2891400ms] [LOG] [Fast Refresh] done in 133ms @ http://localhost:3000/_next/static/chunks/dd884_next_dist_273b0bec._.js:2297
