[     132ms] [LOG] [Fast Refresh] rebuilding @ http://localhost:3000/_next/static/chunks/dd884_next_dist_273b0bec._.js:2297
[     659ms] [LOG] [Fast Refresh] done in 629ms @ http://localhost:3000/_next/static/chunks/dd884_next_dist_273b0bec._.js:2297
[     880ms] [INFO] %cDownload the React DevTools for a better development experience: https://react.dev/link/react-devtools font-weight:bold @ http://localhost:3000/_next/static/chunks/dd884_next_dist_273b0bec._.js:2297
[     943ms] [LOG] [HMR] connected @ http://localhost:3000/_next/static/chunks/dd884_next_dist_273b0bec._.js:2297
[    1202ms] [LOG] [gateway-client] Connected @ http://localhost:3000/_next/static/chunks/dd884_next_dist_273b0bec._.js:2297
[  282848ms] [LOG] [Fast Refresh] rebuilding @ http://localhost:3000/_next/static/chunks/dd884_next_dist_273b0bec._.js:2297
[  283286ms] [LOG] [Fast Refresh] done in 527ms @ http://localhost:3000/_next/static/chunks/dd884_next_dist_273b0bec._.js:2297
[  283411ms] [LOG] [Fast Refresh] rebuilding @ http://localhost:3000/_next/static/chunks/dd884_next_dist_273b0bec._.js:2297
[  283619ms] [LOG] [Fast Refresh] done in 311ms @ http://localhost:3000/_next/static/chunks/dd884_next_dist_273b0bec._.js:2297
[  303246ms] [LOG] [Fast Refresh] rebuilding @ http://localhost:3000/_next/static/chunks/dd884_next_dist_273b0bec._.js:2297
[  303447ms] [LOG] [Fast Refresh] done in 293ms @ http://localhost:3000/_next/static/chunks/dd884_next_dist_273b0bec._.js:2297
[  304129ms] [LOG] [Fast Refresh] rebuilding @ http://localhost:3000/_next/static/chunks/dd884_next_dist_273b0bec._.js:2297
[  304356ms] [LOG] [Fast Refresh] done in 326ms @ http://localhost:3000/_next/static/chunks/dd884_next_dist_273b0bec._.js:2297
[  305327ms] [LOG] [Fast Refresh] rebuilding @ http://localhost:3000/_next/static/chunks/dd884_next_dist_273b0bec._.js:2297
[  305464ms] [LOG] [Fast Refresh] done in 246ms @ http://localhost:3000/_next/static/chunks/dd884_next_dist_273b0bec._.js:2297
[  315069ms] [LOG] [Fast Refresh] rebuilding @ http://localhost:3000/_next/static/chunks/dd884_next_dist_273b0bec._.js:2297
[  317222ms] [LOG] [Fast Refresh] done in 2258ms @ http://localhost:3000/_next/static/chunks/dd884_next_dist_273b0bec._.js:2297
[  317240ms] [ERROR] Failed to load resource: the server responded with a status of 404 (Not Found) @ http://localhost:3000/api/v1/todos:0
[  382878ms] [LOG] [Fast Refresh] rebuilding @ http://localhost:3000/_next/static/chunks/dd884_next_dist_273b0bec._.js:2297
[  383035ms] [LOG] [Fast Refresh] done in 255ms @ http://localhost:3000/_next/static/chunks/dd884_next_dist_273b0bec._.js:2297
