[     388ms] [INFO] %cDownload the React DevTools for a better development experience: https://react.dev/link/react-devtools font-weight:bold @ http://localhost:3000/_next/static/chunks/dd884_next_dist_273b0bec._.js:2297
[     654ms] [LOG] [HMR] connected @ http://localhost:3000/_next/static/chunks/dd884_next_dist_273b0bec._.js:2297
[     786ms] [ERROR] Failed to load resource: the server responded with a status of 404 (Not Found) @ http://localhost:3000/favicon.ico:0
[   22260ms] [LOG] [gateway-client] Connected @ http://localhost:3000/_next/static/chunks/dd884_next_dist_273b0bec._.js:2297
[  570754ms] [LOG] [Fast Refresh] rebuilding @ http://localhost:3000/_next/static/chunks/dd884_next_dist_273b0bec._.js:2297
[  570912ms] [LOG] [Fast Refresh] done in 260ms @ http://localhost:3000/_next/static/chunks/dd884_next_dist_273b0bec._.js:2297
[  587658ms] [LOG] [Fast Refresh] rebuilding @ http://localhost:3000/_next/static/chunks/dd884_next_dist_273b0bec._.js:2297
[  587748ms] [LOG] [Fast Refresh] done in 187ms @ http://localhost:3000/_next/static/chunks/dd884_next_dist_273b0bec._.js:2297
[  869157ms] [LOG] [Fast Refresh] rebuilding @ http://localhost:3000/_next/static/chunks/dd884_next_dist_273b0bec._.js:2297
[  869303ms] [LOG] [Fast Refresh] done in 250ms @ http://localhost:3000/_next/static/chunks/dd884_next_dist_273b0bec._.js:2297
[  878817ms] [LOG] [Fast Refresh] rebuilding @ http://localhost:3000/_next/static/chunks/dd884_next_dist_273b0bec._.js:2297
[  878887ms] [LOG] [Fast Refresh] done in 182ms @ http://localhost:3000/_next/static/chunks/dd884_next_dist_273b0bec._.js:2297
[  928426ms] [LOG] [Fast Refresh] rebuilding @ http://localhost:3000/_next/static/chunks/dd884_next_dist_273b0bec._.js:2297
[  928562ms] [LOG] [Fast Refresh] done in 247ms @ http://localhost:3000/_next/static/chunks/dd884_next_dist_273b0bec._.js:2297
[  935853ms] [LOG] [Fast Refresh] rebuilding @ http://localhost:3000/_next/static/chunks/dd884_next_dist_273b0bec._.js:2297
[  935994ms] [LOG] [Fast Refresh] done in 250ms @ http://localhost:3000/_next/static/chunks/dd884_next_dist_273b0bec._.js:2297
[  970691ms] [LOG] [Fast Refresh] rebuilding @ http://localhost:3000/_next/static/chunks/dd884_next_dist_273b0bec._.js:2297
[  972448ms] [INFO] %cDownload the React DevTools for a better development experience: https://react.dev/link/react-devtools font-weight:bold @ http://localhost:3000/_next/static/chunks/dd884_next_dist_273b0bec._.js:2297
[  972555ms] [LOG] [HMR] connected @ http://localhost:3000/_next/static/chunks/dd884_next_dist_273b0bec._.js:2297
[  972894ms] [LOG] [gateway-client] Connected @ http://localhost:3000/_next/static/chunks/dd884_next_dist_273b0bec._.js:2297
[  977721ms] [LOG] [Fast Refresh] rebuilding @ http://localhost:3000/_next/static/chunks/dd884_next_dist_273b0bec._.js:2297
[  977739ms] [LOG] [Fast Refresh] done in 129ms @ http://localhost:3000/_next/static/chunks/dd884_next_dist_273b0bec._.js:2297
[  977876ms] [ERROR] Failed to load resource: the server responded with a status of 500 (Internal Server Error) @ http://localhost:3001/api/v1/cognitive/stats:0
[  983116ms] [LOG] [Fast Refresh] rebuilding @ http://localhost:3000/_next/static/chunks/dd884_next_dist_273b0bec._.js:2297
[  983235ms] [LOG] [Fast Refresh] done in 221ms @ http://localhost:3000/_next/static/chunks/dd884_next_dist_273b0bec._.js:2297
[ 1010277ms] [LOG] [Fast Refresh] rebuilding @ http://localhost:3000/_next/static/chunks/dd884_next_dist_273b0bec._.js:2297
[ 1010466ms] [LOG] [Fast Refresh] done in 292ms @ http://localhost:3000/_next/static/chunks/dd884_next_dist_273b0bec._.js:2297
[ 1020883ms] [LOG] [Fast Refresh] rebuilding @ http://localhost:3000/_next/static/chunks/dd884_next_dist_273b0bec._.js:2297
[ 1021052ms] [LOG] [Fast Refresh] done in 269ms @ http://localhost:3000/_next/static/chunks/dd884_next_dist_273b0bec._.js:2297
[ 1030060ms] [LOG] [Fast Refresh] rebuilding @ http://localhost:3000/_next/static/chunks/dd884_next_dist_273b0bec._.js:2297
[ 1030210ms] [LOG] [Fast Refresh] done in 251ms @ http://localhost:3000/_next/static/chunks/dd884_next_dist_273b0bec._.js:2297
[ 1038918ms] [LOG] [Fast Refresh] rebuilding @ http://localhost:3000/_next/static/chunks/dd884_next_dist_273b0bec._.js:2297
[ 1039114ms] [LOG] [Fast Refresh] done in 294ms @ http://localhost:3000/_next/static/chunks/dd884_next_dist_273b0bec._.js:2297
[ 1062813ms] [LOG] [Fast Refresh] rebuilding @ http://localhost:3000/_next/static/chunks/dd884_next_dist_273b0bec._.js:2297
[ 1062941ms] [LOG] [Fast Refresh] done in 236ms @ http://localhost:3000/_next/static/chunks/dd884_next_dist_273b0bec._.js:2297
[ 1072826ms] [LOG] [Fast Refresh] rebuilding @ http://localhost:3000/_next/static/chunks/dd884_next_dist_273b0bec._.js:2297
[ 1072970ms] [LOG] [Fast Refresh] done in 259ms @ http://localhost:3000/_next/static/chunks/dd884_next_dist_273b0bec._.js:2297
[ 1082411ms] [LOG] [Fast Refresh] rebuilding @ http://localhost:3000/_next/static/chunks/dd884_next_dist_273b0bec._.js:2297
[ 1082509ms] [LOG] [Fast Refresh] done in 205ms @ http://localhost:3000/_next/static/chunks/dd884_next_dist_273b0bec._.js:2297
[ 1094184ms] [LOG] [Fast Refresh] rebuilding @ http://localhost:3000/_next/static/chunks/dd884_next_dist_273b0bec._.js:2297
[ 1094338ms] [LOG] [Fast Refresh] done in 259ms @ http://localhost:3000/_next/static/chunks/dd884_next_dist_273b0bec._.js:2297
[ 1107587ms] [LOG] [Fast Refresh] rebuilding @ http://localhost:3000/_next/static/chunks/dd884_next_dist_273b0bec._.js:2297
[ 1107748ms] [LOG] [Fast Refresh] done in 265ms @ http://localhost:3000/_next/static/chunks/dd884_next_dist_273b0bec._.js:2297
[ 1173957ms] [LOG] [Fast Refresh] rebuilding @ http://localhost:3000/_next/static/chunks/dd884_next_dist_273b0bec._.js:2297
[ 1174135ms] [LOG] [Fast Refresh] done in 257ms @ http://localhost:3000/_next/static/chunks/dd884_next_dist_273b0bec._.js:2297
[ 1186197ms] [LOG] [Fast Refresh] rebuilding @ http://localhost:3000/_next/static/chunks/dd884_next_dist_273b0bec._.js:2297
[ 1186338ms] [LOG] [Fast Refresh] done in 218ms @ http://localhost:3000/_next/static/chunks/dd884_next_dist_273b0bec._.js:2297
[ 1200435ms] [LOG] [Fast Refresh] rebuilding @ http://localhost:3000/_next/static/chunks/dd884_next_dist_273b0bec._.js:2297
[ 1200578ms] [LOG] [Fast Refresh] done in 222ms @ http://localhost:3000/_next/static/chunks/dd884_next_dist_273b0bec._.js:2297
[ 1215873ms] [LOG] [Fast Refresh] rebuilding @ http://localhost:3000/_next/static/chunks/dd884_next_dist_273b0bec._.js:2297
[ 1216065ms] [LOG] [Fast Refresh] done in 256ms @ http://localhost:3000/_next/static/chunks/dd884_next_dist_273b0bec._.js:2297
[ 1237979ms] [LOG] [Fast Refresh] rebuilding @ http://localhost:3000/_next/static/chunks/dd884_next_dist_273b0bec._.js:2297
[ 1238141ms] [LOG] [Fast Refresh] done in 263ms @ http://localhost:3000/_next/static/chunks/dd884_next_dist_273b0bec._.js:2297
[ 1256458ms] [LOG] [Fast Refresh] rebuilding @ http://localhost:3000/_next/static/chunks/dd884_next_dist_273b0bec._.js:2297
[ 1256585ms] [LOG] [Fast Refresh] done in 228ms @ http://localhost:3000/_next/static/chunks/dd884_next_dist_273b0bec._.js:2297
[ 1264553ms] [LOG] [Fast Refresh] rebuilding @ http://localhost:3000/_next/static/chunks/dd884_next_dist_273b0bec._.js:2297
[ 1264715ms] [LOG] [Fast Refresh] done in 230ms @ http://localhost:3000/_next/static/chunks/dd884_next_dist_273b0bec._.js:2297
