[     413ms] [INFO] %cDownload the React DevTools for a better development experience: https://react.dev/link/react-devtools font-weight:bold @ http://localhost:3000/_next/static/chunks/dd884_next_dist_273b0bec._.js:2297
[     697ms] [LOG] [HMR] connected @ http://localhost:3000/_next/static/chunks/dd884_next_dist_273b0bec._.js:2297
[     832ms] [ERROR] Failed to load resource: the server responded with a status of 404 (Not Found) @ http://localhost:3000/favicon.ico:0
[    1095ms] [LOG] [gateway-client] Connected @ http://localhost:3000/_next/static/chunks/dd884_next_dist_273b0bec._.js:2297
[   36848ms] [LOG] [Fast Refresh] rebuilding @ http://localhost:3000/_next/static/chunks/dd884_next_dist_273b0bec._.js:2297
[   37083ms] [LOG] [Fast Refresh] done in 338ms @ http://localhost:3000/_next/static/chunks/dd884_next_dist_273b0bec._.js:2297
[  135685ms] [WARNING] [gateway-client] Not connected, message queued @ http://localhost:3000/_next/static/chunks/dd884_next_dist_273b0bec._.js:2297
[  135699ms] [LOG] [gateway-client] Connected @ http://localhost:3000/_next/static/chunks/dd884_next_dist_273b0bec._.js:2297
[  241786ms] [WARNING] [gateway-client] Not connected, message queued @ http://localhost:3000/_next/static/chunks/dd884_next_dist_273b0bec._.js:2297
[  777954ms] [LOG] [Fast Refresh] rebuilding @ http://localhost:3000/_next/static/chunks/dd884_next_dist_273b0bec._.js:2297
[  778086ms] [LOG] [Fast Refresh] done in 217ms @ http://localhost:3000/_next/static/chunks/dd884_next_dist_273b0bec._.js:2297
[  784034ms] [LOG] [Fast Refresh] rebuilding @ http://localhost:3000/_next/static/chunks/dd884_next_dist_273b0bec._.js:2297
[  784190ms] [LOG] [Fast Refresh] done in 242ms @ http://localhost:3000/_next/static/chunks/dd884_next_dist_273b0bec._.js:2297
[  888331ms] [LOG] [Fast Refresh] rebuilding @ http://localhost:3000/_next/static/chunks/dd884_next_dist_273b0bec._.js:2297
[  888516ms] [LOG] [Fast Refresh] done in 293ms @ http://localhost:3000/_next/static/chunks/dd884_next_dist_273b0bec._.js:2297
[  905298ms] [LOG] [Fast Refresh] rebuilding @ http://localhost:3000/_next/static/chunks/dd884_next_dist_273b0bec._.js:2297
[  905433ms] [LOG] [Fast Refresh] done in 243ms @ http://localhost:3000/_next/static/chunks/dd884_next_dist_273b0bec._.js:2297
[  950445ms] [LOG] [Fast Refresh] rebuilding @ http://localhost:3000/_next/static/chunks/dd884_next_dist_273b0bec._.js:2297
[  950550ms] [LOG] [Fast Refresh] done in 214ms @ http://localhost:3000/_next/static/chunks/dd884_next_dist_273b0bec._.js:2297
[  963084ms] [LOG] [Fast Refresh] rebuilding @ http://localhost:3000/_next/static/chunks/dd884_next_dist_273b0bec._.js:2297
[  963223ms] [LOG] [Fast Refresh] done in 199ms @ http://localhost:3000/_next/static/chunks/dd884_next_dist_273b0bec._.js:2297
[  986518ms] [LOG] [Fast Refresh] rebuilding @ http://localhost:3000/_next/static/chunks/dd884_next_dist_273b0bec._.js:2297
[  986820ms] [LOG] [Fast Refresh] done in 398ms @ http://localhost:3000/_next/static/chunks/dd884_next_dist_273b0bec._.js:2297
[ 1013926ms] [LOG] [Fast Refresh] rebuilding @ http://localhost:3000/_next/static/chunks/dd884_next_dist_273b0bec._.js:2297
[ 1014169ms] [LOG] [Fast Refresh] done in 323ms @ http://localhost:3000/_next/static/chunks/dd884_next_dist_273b0bec._.js:2297
[ 1032578ms] [LOG] [Fast Refresh] rebuilding @ http://localhost:3000/_next/static/chunks/dd884_next_dist_273b0bec._.js:2297
[ 1040797ms] [LOG] [Fast Refresh] done in 8138ms @ http://localhost:3000/_next/static/chunks/dd884_next_dist_273b0bec._.js:2297
[ 1041029ms] [INFO] %cDownload the React DevTools for a better development experience: https://react.dev/link/react-devtools font-weight:bold @ http://localhost:3000/_next/static/chunks/dd884_next_dist_273b0bec._.js:2297
[ 1041139ms] [LOG] [HMR] connected @ http://localhost:3000/_next/static/chunks/dd884_next_dist_273b0bec._.js:2297
[ 1041468ms] [LOG] [gateway-client] Connected @ http://localhost:3000/_next/static/chunks/dd884_next_dist_273b0bec._.js:2297
[ 1046518ms] [LOG] [Fast Refresh] rebuilding @ http://localhost:3000/_next/static/chunks/dd884_next_dist_273b0bec._.js:2297
[ 1046740ms] [LOG] [Fast Refresh] done in 285ms @ http://localhost:3000/_next/static/chunks/dd884_next_dist_273b0bec._.js:2297
[ 1053507ms] [LOG] [Fast Refresh] rebuilding @ http://localhost:3000/_next/static/chunks/dd884_next_dist_273b0bec._.js:2297
[ 1054884ms] [INFO] %cDownload the React DevTools for a better development experience: https://react.dev/link/react-devtools font-weight:bold @ http://localhost:3000/_next/static/chunks/dd884_next_dist_273b0bec._.js:2297
[ 1054948ms] [LOG] [HMR] connected @ http://localhost:3000/_next/static/chunks/dd884_next_dist_273b0bec._.js:2297
[ 1055336ms] [LOG] [gateway-client] Connected @ http://localhost:3000/_next/static/chunks/dd884_next_dist_273b0bec._.js:2297
[ 1058917ms] [LOG] [Fast Refresh] rebuilding @ http://localhost:3000/_next/static/chunks/dd884_next_dist_273b0bec._.js:2297
[ 1059045ms] [LOG] [Fast Refresh] done in 228ms @ http://localhost:3000/_next/static/chunks/dd884_next_dist_273b0bec._.js:2297
[ 1122004ms] [LOG] [Fast Refresh] rebuilding @ http://localhost:3000/_next/static/chunks/dd884_next_dist_273b0bec._.js:2297
[ 1122140ms] [LOG] [Fast Refresh] done in 247ms @ http://localhost:3000/_next/static/chunks/dd884_next_dist_273b0bec._.js:2297
[ 1565739ms] [LOG] [Fast Refresh] rebuilding @ http://localhost:3000/_next/static/chunks/dd884_next_dist_273b0bec._.js:2297
[ 1566071ms] [LOG] [Fast Refresh] done in 418ms @ http://localhost:3000/_next/static/chunks/dd884_next_dist_273b0bec._.js:2297
