[     136ms] [INFO] %cDownload the React DevTools for a better development experience: https://react.dev/link/react-devtools font-weight:bold @ http://localhost:3000/_next/static/chunks/dd884_next_dist_273b0bec._.js:2297
[     190ms] [LOG] [HMR] connected @ http://localhost:3000/_next/static/chunks/dd884_next_dist_273b0bec._.js:2297
[     255ms] [LOG] [gateway-client] Connected @ http://localhost:3000/_next/static/chunks/dd884_next_dist_273b0bec._.js:2297
[14225866ms] [LOG] [gateway-client] Disconnected @ http://localhost:3000/_next/static/chunks/dd884_next_dist_273b0bec._.js:2297
[14225867ms] [LOG] [gateway-client] Reconnect attempt 1/10 in 3000ms @ http://localhost:3000/_next/static/chunks/dd884_next_dist_273b0bec._.js:2297
[14230908ms] [ERROR] WebSocket connection to 'ws://localhost:3001/' failed: Error in connection establishment: net::ERR_CONNECTION_REFUSED @ http://localhost:3000/_next/static/chunks/features_chat_d659f97b._.js:65
[14230909ms] [LOG] [gateway-client] Disconnected @ http://localhost:3000/_next/static/chunks/dd884_next_dist_273b0bec._.js:2297
[14230909ms] [LOG] [gateway-client] Reconnect attempt 2/10 in 6000ms @ http://localhost:3000/_next/static/chunks/dd884_next_dist_273b0bec._.js:2297
[14236931ms] [LOG] [gateway-client] Connected @ http://localhost:3000/_next/static/chunks/dd884_next_dist_273b0bec._.js:2297
[14236938ms] [WARNING] [gateway-client] Auth rejected by gateway, attempting token refresh... @ http://localhost:3000/_next/static/chunks/dd884_next_dist_273b0bec._.js:2297
[14238385ms] [LOG] [gateway-client] Re-authenticated with refreshed token @ http://localhost:3000/_next/static/chunks/dd884_next_dist_273b0bec._.js:2297
[14281402ms] [LOG] [gateway-client] Disconnected @ http://localhost:3000/_next/static/chunks/dd884_next_dist_273b0bec._.js:2297
[14281402ms] [LOG] [gateway-client] Reconnect attempt 1/10 in 3000ms @ http://localhost:3000/_next/static/chunks/dd884_next_dist_273b0bec._.js:2297
[14286448ms] [ERROR] WebSocket connection to 'ws://localhost:3001/' failed: Error in connection establishment: net::ERR_CONNECTION_REFUSED @ http://localhost:3000/_next/static/chunks/features_chat_d659f97b._.js:65
[14286448ms] [LOG] [gateway-client] Disconnected @ http://localhost:3000/_next/static/chunks/dd884_next_dist_273b0bec._.js:2297
[14286448ms] [LOG] [gateway-client] Reconnect attempt 2/10 in 6000ms @ http://localhost:3000/_next/static/chunks/dd884_next_dist_273b0bec._.js:2297
[14294491ms] [ERROR] WebSocket connection to 'ws://localhost:3001/' failed: Error in connection establishment: net::ERR_CONNECTION_REFUSED @ http://localhost:3000/_next/static/chunks/features_chat_d659f97b._.js:65
[14294491ms] [LOG] [gateway-client] Disconnected @ http://localhost:3000/_next/static/chunks/dd884_next_dist_273b0bec._.js:2297
[14294492ms] [LOG] [gateway-client] Reconnect attempt 3/10 in 12000ms @ http://localhost:3000/_next/static/chunks/dd884_next_dist_273b0bec._.js:2297
[14308527ms] [ERROR] WebSocket connection to 'ws://localhost:3001/' failed: Error in connection establishment: net::ERR_CONNECTION_REFUSED @ http://localhost:3000/_next/static/chunks/features_chat_d659f97b._.js:65
[14308528ms] [LOG] [gateway-client] Disconnected @ http://localhost:3000/_next/static/chunks/dd884_next_dist_273b0bec._.js:2297
[14308529ms] [LOG] [gateway-client] Reconnect attempt 4/10 in 24000ms @ http://localhost:3000/_next/static/chunks/dd884_next_dist_273b0bec._.js:2297
[14334578ms] [LOG] [gateway-client] Connected @ http://localhost:3000/_next/static/chunks/dd884_next_dist_273b0bec._.js:2297
[14364348ms] [LOG] [gateway-client] Disconnected @ http://localhost:3000/_next/static/chunks/dd884_next_dist_273b0bec._.js:2297
[14364349ms] [LOG] [gateway-client] Reconnect attempt 1/10 in 3000ms @ http://localhost:3000/_next/static/chunks/dd884_next_dist_273b0bec._.js:2297
[14369396ms] [ERROR] WebSocket connection to 'ws://localhost:3001/' failed: Error in connection establishment: net::ERR_CONNECTION_REFUSED @ http://localhost:3000/_next/static/chunks/features_chat_d659f97b._.js:65
[14369396ms] [LOG] [gateway-client] Disconnected @ http://localhost:3000/_next/static/chunks/dd884_next_dist_273b0bec._.js:2297
[14369397ms] [LOG] [gateway-client] Reconnect attempt 2/10 in 6000ms @ http://localhost:3000/_next/static/chunks/dd884_next_dist_273b0bec._.js:2297
[14377449ms] [ERROR] WebSocket connection to 'ws://localhost:3001/' failed: Error in connection establishment: net::ERR_CONNECTION_REFUSED @ http://localhost:3000/_next/static/chunks/features_chat_d659f97b._.js:65
[14377449ms] [LOG] [gateway-client] Disconnected @ http://localhost:3000/_next/static/chunks/dd884_next_dist_273b0bec._.js:2297
[14377449ms] [LOG] [gateway-client] Reconnect attempt 3/10 in 12000ms @ http://localhost:3000/_next/static/chunks/dd884_next_dist_273b0bec._.js:2297
[14389468ms] [LOG] [gateway-client] Connected @ http://localhost:3000/_next/static/chunks/dd884_next_dist_273b0bec._.js:2297
[14393366ms] [LOG] [gateway-client] Disconnected @ http://localhost:3000/_next/static/chunks/dd884_next_dist_273b0bec._.js:2297
[14393366ms] [LOG] [gateway-client] Reconnect attempt 1/10 in 3000ms @ http://localhost:3000/_next/static/chunks/dd884_next_dist_273b0bec._.js:2297
[14398410ms] [ERROR] WebSocket connection to 'ws://localhost:3001/' failed: Error in connection establishment: net::ERR_CONNECTION_REFUSED @ http://localhost:3000/_next/static/chunks/features_chat_d659f97b._.js:65
[14398410ms] [LOG] [gateway-client] Disconnected @ http://localhost:3000/_next/static/chunks/dd884_next_dist_273b0bec._.js:2297
[14398410ms] [LOG] [gateway-client] Reconnect attempt 2/10 in 6000ms @ http://localhost:3000/_next/static/chunks/dd884_next_dist_273b0bec._.js:2297
[14404431ms] [LOG] [gateway-client] Connected @ http://localhost:3000/_next/static/chunks/dd884_next_dist_273b0bec._.js:2297
[14432728ms] [LOG] [gateway-client] Disconnected @ http://localhost:3000/_next/static/chunks/dd884_next_dist_273b0bec._.js:2297
[14432728ms] [LOG] [gateway-client] Reconnect attempt 1/10 in 3000ms @ http://localhost:3000/_next/static/chunks/dd884_next_dist_273b0bec._.js:2297
[14437774ms] [ERROR] WebSocket connection to 'ws://localhost:3001/' failed: Error in connection establishment: net::ERR_CONNECTION_REFUSED @ http://localhost:3000/_next/static/chunks/features_chat_d659f97b._.js:65
[14437774ms] [LOG] [gateway-client] Disconnected @ http://localhost:3000/_next/static/chunks/dd884_next_dist_273b0bec._.js:2297
[14437775ms] [LOG] [gateway-client] Reconnect attempt 2/10 in 6000ms @ http://localhost:3000/_next/static/chunks/dd884_next_dist_273b0bec._.js:2297
[14445824ms] [ERROR] WebSocket connection to 'ws://localhost:3001/' failed: Error in connection establishment: net::ERR_CONNECTION_REFUSED @ http://localhost:3000/_next/static/chunks/features_chat_d659f97b._.js:65
[14445824ms] [LOG] [gateway-client] Disconnected @ http://localhost:3000/_next/static/chunks/dd884_next_dist_273b0bec._.js:2297
[14445825ms] [LOG] [gateway-client] Reconnect attempt 3/10 in 12000ms @ http://localhost:3000/_next/static/chunks/dd884_next_dist_273b0bec._.js:2297
[14457837ms] [LOG] [gateway-client] Connected @ http://localhost:3000/_next/static/chunks/dd884_next_dist_273b0bec._.js:2297
[14467453ms] [LOG] [Fast Refresh] rebuilding @ http://localhost:3000/_next/static/chunks/dd884_next_dist_273b0bec._.js:2297
[14469171ms] ReferenceError: priority is not defined
    at TaskItem (http://localhost:3000/_next/static/chunks/features_todos_713a32f6._.js?id=%255Bproject%255D%252Ffeatures%252Ftodos%252Fcomponents%252Ftask-item.tsx+%255Bapp-client%255D+%2528ecmascript%2529:43:13)
    at Object.react_stack_bottom_frame (http://localhost:3000/_next/static/chunks/dd884_next_dist_compiled_react-dom_ff212778._.js:14826:24)
    at renderWithHooks (http://localhost:3000/_next/static/chunks/dd884_next_dist_compiled_react-dom_ff212778._.js:4651:24)
    at updateFunctionComponent (http://localhost:3000/_next/static/chunks/dd884_next_dist_compiled_react-dom_ff212778._.js:6112:21)
    at beginWork (http://localhost:3000/_next/static/chunks/dd884_next_dist_compiled_react-dom_ff212778._.js:6708:24)
    at runWithFiberInDEV (http://localhost:3000/_next/static/chunks/dd884_next_dist_compiled_react-dom_ff212778._.js:965:74)
    at performUnitOfWork (http://localhost:3000/_next/static/chunks/dd884_next_dist_compiled_react-dom_ff212778._.js:9562:97)
    at workLoopSync (http://localhost:3000/_next/static/chunks/dd884_next_dist_compiled_react-dom_ff212778._.js:9456:40)
    at renderRootSync (http://localhost:3000/_next/static/chunks/dd884_next_dist_compiled_react-dom_ff212778._.js:9440:13)
    at performWorkOnRoot (http://localhost:3000/_next/static/chunks/dd884_next_dist_compiled_react-dom_ff212778._.js:9105:47)
    at performSyncWorkOnRoot (http://localhost:3000/_next/static/chunks/dd884_next_dist_compiled_react-dom_ff212778._.js:10238:9)
    at flushSyncWorkAcrossRoots_impl (http://localhost:3000/_next/static/chunks/dd884_next_dist_compiled_react-dom_ff212778._.js:10154:316)
    at flushSyncWork$1 (http://localhost:3000/_next/static/chunks/dd884_next_dist_compiled_react-dom_ff212778._.js:9237:86)
    at Object.scheduleRefresh (http://localhost:3000/_next/static/chunks/dd884_next_dist_compiled_react-dom_ff212778._.js:299:13)
    at http://localhost:3000/_next/static/chunks/dd884_next_dist_compiled_8268c86a._.js:391:33
    at Set.forEach (<anonymous>)
    at Object.performReactRefresh (http://localhost:3000/_next/static/chunks/dd884_next_dist_compiled_8268c86a._.js:384:38)
    at applyUpdate (http://localhost:3000/_next/static/chunks/dd884_next_dist_compiled_8268c86a._.js:878:31)
    at http://localhost:3000/_next/static/chunks/dd884_next_dist_compiled_8268c86a._.js:886:13
[14469197ms] [LOG] [Fast Refresh] done in 1766ms @ http://localhost:3000/_next/static/chunks/dd884_next_dist_273b0bec._.js:2297
[14469326ms] [LOG] [Fast Refresh] rebuilding @ http://localhost:3000/_next/static/chunks/dd884_next_dist_273b0bec._.js:2297
[14469654ms] [LOG] [Fast Refresh] done in 433ms @ http://localhost:3000/_next/static/chunks/dd884_next_dist_273b0bec._.js:2297
[14474372ms] [LOG] [Fast Refresh] rebuilding @ http://localhost:3000/_next/static/chunks/dd884_next_dist_273b0bec._.js:2297
[14474407ms] [WARNING] [Fast Refresh] performing full reload because your application had an unrecoverable error @ http://localhost:3000/_next/static/chunks/dd884_next_dist_273b0bec._.js:2297
[14474464ms] [LOG] [Fast Refresh] done in 141ms @ http://localhost:3000/_next/static/chunks/dd884_next_dist_273b0bec._.js:2297
[14474578ms] [LOG] [Fast Refresh] rebuilding @ http://localhost:3000/_next/static/chunks/dd884_next_dist_273b0bec._.js:2297
[14474901ms] [LOG] [Fast Refresh] done in 428ms @ http://localhost:3000/_next/static/chunks/dd884_next_dist_273b0bec._.js:2297
[14475092ms] [INFO] %cDownload the React DevTools for a better development experience: https://react.dev/link/react-devtools font-weight:bold @ http://localhost:3000/_next/static/chunks/dd884_next_dist_273b0bec._.js:2297
[14475356ms] [LOG] [HMR] connected @ http://localhost:3000/_next/static/chunks/dd884_next_dist_273b0bec._.js:2297
[14475551ms] [LOG] [gateway-client] Connected @ http://localhost:3000/_next/static/chunks/dd884_next_dist_273b0bec._.js:2297
[14546165ms] [LOG] [gateway-client] Disconnected @ http://localhost:3000/_next/static/chunks/dd884_next_dist_273b0bec._.js:2297
[14546165ms] [LOG] [gateway-client] Reconnect attempt 1/10 in 3000ms @ http://localhost:3000/_next/static/chunks/dd884_next_dist_273b0bec._.js:2297
[14551199ms] [ERROR] WebSocket connection to 'ws://localhost:3001/' failed: Error in connection establishment: net::ERR_CONNECTION_REFUSED @ http://localhost:3000/_next/static/chunks/features_chat_d659f97b._.js:65
[14551200ms] [LOG] [gateway-client] Disconnected @ http://localhost:3000/_next/static/chunks/dd884_next_dist_273b0bec._.js:2297
[14551201ms] [LOG] [gateway-client] Reconnect attempt 2/10 in 6000ms @ http://localhost:3000/_next/static/chunks/dd884_next_dist_273b0bec._.js:2297
[14557221ms] [LOG] [gateway-client] Connected @ http://localhost:3000/_next/static/chunks/dd884_next_dist_273b0bec._.js:2297
[14740959ms] [LOG] [gateway-client] Disconnected @ http://localhost:3000/_next/static/chunks/dd884_next_dist_273b0bec._.js:2297
[14740959ms] [LOG] [gateway-client] Reconnect attempt 1/10 in 3000ms @ http://localhost:3000/_next/static/chunks/dd884_next_dist_273b0bec._.js:2297
[14745999ms] [ERROR] WebSocket connection to 'ws://localhost:3001/' failed: Error in connection establishment: net::ERR_CONNECTION_REFUSED @ http://localhost:3000/_next/static/chunks/features_chat_d659f97b._.js:65
[14746000ms] [LOG] [gateway-client] Disconnected @ http://localhost:3000/_next/static/chunks/dd884_next_dist_273b0bec._.js:2297
[14746000ms] [LOG] [gateway-client] Reconnect attempt 2/10 in 6000ms @ http://localhost:3000/_next/static/chunks/dd884_next_dist_273b0bec._.js:2297
[14754047ms] [ERROR] WebSocket connection to 'ws://localhost:3001/' failed: Error in connection establishment: net::ERR_CONNECTION_REFUSED @ http://localhost:3000/_next/static/chunks/features_chat_d659f97b._.js:65
[14754047ms] [LOG] [gateway-client] Disconnected @ http://localhost:3000/_next/static/chunks/dd884_next_dist_273b0bec._.js:2297
[14754048ms] [LOG] [gateway-client] Reconnect attempt 3/10 in 12000ms @ http://localhost:3000/_next/static/chunks/dd884_next_dist_273b0bec._.js:2297
[14766057ms] [LOG] [gateway-client] Connected @ http://localhost:3000/_next/static/chunks/dd884_next_dist_273b0bec._.js:2297
[14893527ms] [LOG] [Fast Refresh] rebuilding @ http://localhost:3000/_next/static/chunks/dd884_next_dist_273b0bec._.js:2297
[14893685ms] [LOG] [Fast Refresh] done in 262ms @ http://localhost:3000/_next/static/chunks/dd884_next_dist_273b0bec._.js:2297
