[     154ms] [INFO] %cDownload the React DevTools for a better development experience: https://react.dev/link/react-devtools font-weight:bold @ http://localhost:3000/_next/static/chunks/dd884_next_dist_273b0bec._.js:2297
[     274ms] [LOG] [HMR] connected @ http://localhost:3000/_next/static/chunks/dd884_next_dist_273b0bec._.js:2297
[     352ms] [LOG] [gateway-client] Connected @ http://localhost:3000/_next/static/chunks/dd884_next_dist_273b0bec._.js:2297
[     352ms] [ERROR] Failed to load resource: the server responded with a status of 401 (Unauthorized) @ http://localhost:3001/api/v1/cognitive/stats:0
[     355ms] [ERROR] Failed to load resource: the server responded with a status of 401 (Unauthorized) @ http://localhost:3001/api/v1/cognitive/stats:0
[     363ms] [ERROR] Failed to load resource: the server responded with a status of 404 (Not Found) @ http://localhost:3000/favicon.ico:0
[     436ms] [WARNING] [gateway-client] Auth rejected by gateway, attempting token refresh... @ http://localhost:3000/_next/static/chunks/dd884_next_dist_273b0bec._.js:2297
[     438ms] [ERROR] Failed to load resource: the server responded with a status of 429 (Too Many Requests) @ http://localhost:3001/api/v1/todos:0
[     438ms] [ERROR] Failed to load resource: the server responded with a status of 429 (Too Many Requests) @ http://localhost:3001/api/v1/goals:0
[     439ms] [ERROR] Failed to load resource: the server responded with a status of 429 (Too Many Requests) @ http://localhost:3001/api/v1/todos:0
[     441ms] [ERROR] Failed to load resource: the server responded with a status of 429 (Too Many Requests) @ http://localhost:3001/api/v1/goals:0
[    1390ms] [ERROR] Failed to load resource: the server responded with a status of 401 (Unauthorized) @ http://localhost:3001/api/v1/auth/refresh:0
[    1391ms] [WARNING] [gateway-client] Token refresh failed, forcing logout @ http://localhost:3000/_next/static/chunks/dd884_next_dist_273b0bec._.js:2297
[    1392ms] [LOG] [gateway-client] Auth logout detected, disconnecting @ http://localhost:3000/_next/static/chunks/dd884_next_dist_273b0bec._.js:2297
[   45694ms] [LOG] [gateway-client] Connected @ http://localhost:3000/_next/static/chunks/dd884_next_dist_273b0bec._.js:2297
[   96405ms] [LOG] [usePCMRecorder] AudioContext created. SampleRate: 16000, State: running @ http://localhost:3000/_next/static/chunks/dd884_next_dist_273b0bec._.js:2297
[  122805ms] [ERROR] Failed to load resource: the server responded with a status of 429 (Too Many Requests) @ http://localhost:3001/api/v1/todos:0
[  218176ms] [LOG] [usePCMRecorder] AudioContext created. SampleRate: 16000, State: running @ http://localhost:3000/_next/static/chunks/dd884_next_dist_273b0bec._.js:2297
[  255829ms] [LOG] [usePCMRecorder] AudioContext created. SampleRate: 16000, State: running @ http://localhost:3000/_next/static/chunks/dd884_next_dist_273b0bec._.js:2297
[  335229ms] [LOG] [usePCMRecorder] AudioContext created. SampleRate: 16000, State: running @ http://localhost:3000/_next/static/chunks/dd884_next_dist_273b0bec._.js:2297
[  420690ms] [LOG] [usePCMRecorder] AudioContext created. SampleRate: 16000, State: running @ http://localhost:3000/_next/static/chunks/dd884_next_dist_273b0bec._.js:2297
[  513079ms] [LOG] [usePCMRecorder] AudioContext created. SampleRate: 16000, State: running @ http://localhost:3000/_next/static/chunks/dd884_next_dist_273b0bec._.js:2297
[  619751ms] [LOG] [usePCMRecorder] AudioContext created. SampleRate: 16000, State: running @ http://localhost:3000/_next/static/chunks/dd884_next_dist_273b0bec._.js:2297
[ 1314914ms] [LOG] [Fast Refresh] rebuilding @ http://localhost:3000/_next/static/chunks/dd884_next_dist_273b0bec._.js:2297
[ 1315018ms] [LOG] [Fast Refresh] done in 172ms @ http://localhost:3000/_next/static/chunks/dd884_next_dist_273b0bec._.js:2297
[ 1321786ms] [LOG] [Fast Refresh] rebuilding @ http://localhost:3000/_next/static/chunks/dd884_next_dist_273b0bec._.js:2297
[ 1321864ms] [LOG] [Fast Refresh] done in 184ms @ http://localhost:3000/_next/static/chunks/dd884_next_dist_273b0bec._.js:2297
[ 1325423ms] [LOG] [Fast Refresh] rebuilding @ http://localhost:3000/_next/static/chunks/dd884_next_dist_273b0bec._.js:2297
[ 1325745ms] [LOG] [Fast Refresh] done in 290ms @ http://localhost:3000/_next/static/chunks/dd884_next_dist_273b0bec._.js:2297
[ 1325748ms] [LOG] [gateway-client] Connected @ http://localhost:3000/_next/static/chunks/dd884_next_dist_273b0bec._.js:2297
[ 1325748ms] [WARNING] [gateway-client] No access token, closing unauthenticated connection @ http://localhost:3000/_next/static/chunks/dd884_next_dist_273b0bec._.js:2297
[ 1325749ms] [LOG] [gateway-client] Disconnected @ http://localhost:3000/_next/static/chunks/dd884_next_dist_273b0bec._.js:2297
[ 1325749ms] [LOG] [gateway-client] Reconnect attempt 1/10 in 3000ms @ http://localhost:3000/_next/static/chunks/dd884_next_dist_273b0bec._.js:2297
[ 1325850ms] [LOG] [Fast Refresh] rebuilding @ http://localhost:3000/_next/static/chunks/dd884_next_dist_273b0bec._.js:2297
[ 1326121ms] [LOG] [Fast Refresh] done in 375ms @ http://localhost:3000/_next/static/chunks/dd884_next_dist_273b0bec._.js:2297
[ 1326314ms] [INFO] %cDownload the React DevTools for a better development experience: https://react.dev/link/react-devtools font-weight:bold @ http://localhost:3000/_next/static/chunks/dd884_next_dist_273b0bec._.js:2297
[ 1326392ms] [LOG] [HMR] connected @ http://localhost:3000/_next/static/chunks/dd884_next_dist_273b0bec._.js:2297
[ 1326636ms] [LOG] [gateway-client] Connected @ http://localhost:3000/_next/static/chunks/dd884_next_dist_273b0bec._.js:2297
[ 1327528ms] [ERROR] Failed to load resource: the server responded with a status of 429 (Too Many Requests) @ http://localhost:3001/api/v1/records:0
[ 1327528ms] [ERROR] Failed to load resource: the server responded with a status of 429 (Too Many Requests) @ http://localhost:3001/api/v1/todos:0
[ 1327529ms] [ERROR] Failed to load resource: the server responded with a status of 429 (Too Many Requests) @ http://localhost:3001/api/v1/goals:0
[ 1327529ms] [ERROR] Failed to load resource: the server responded with a status of 429 (Too Many Requests) @ http://localhost:3001/api/v1/records:0
[ 1327529ms] [ERROR] Failed to load resource: the server responded with a status of 429 (Too Many Requests) @ http://localhost:3001/api/v1/todos:0
[ 1335531ms] [LOG] [Fast Refresh] rebuilding @ http://localhost:3000/_next/static/chunks/dd884_next_dist_273b0bec._.js:2297
[ 1335596ms] [LOG] [Fast Refresh] done in 147ms @ http://localhost:3000/_next/static/chunks/dd884_next_dist_273b0bec._.js:2297
[ 1355655ms] [LOG] [Fast Refresh] rebuilding @ http://localhost:3000/_next/static/chunks/dd884_next_dist_273b0bec._.js:2297
[ 1355718ms] [LOG] [Fast Refresh] done in 170ms @ http://localhost:3000/_next/static/chunks/dd884_next_dist_273b0bec._.js:2297
[ 1361234ms] [LOG] [Fast Refresh] rebuilding @ http://localhost:3000/_next/static/chunks/dd884_next_dist_273b0bec._.js:2297
[ 1361268ms] [LOG] [Fast Refresh] done in 135ms @ http://localhost:3000/_next/static/chunks/dd884_next_dist_273b0bec._.js:2297
[ 1366006ms] [LOG] [Fast Refresh] rebuilding @ http://localhost:3000/_next/static/chunks/dd884_next_dist_273b0bec._.js:2297
[ 1366083ms] [LOG] [Fast Refresh] done in 159ms @ http://localhost:3000/_next/static/chunks/dd884_next_dist_273b0bec._.js:2297
[ 1375947ms] [LOG] [Fast Refresh] rebuilding @ http://localhost:3000/_next/static/chunks/dd884_next_dist_273b0bec._.js:2297
[ 1375970ms] [LOG] [Fast Refresh] done in 123ms @ http://localhost:3000/_next/static/chunks/dd884_next_dist_273b0bec._.js:2297
[ 1396967ms] [LOG] [gateway-client] Disconnected @ http://localhost:3000/_next/static/chunks/dd884_next_dist_273b0bec._.js:2297
[ 1396967ms] [LOG] [gateway-client] Reconnect attempt 1/10 in 3000ms @ http://localhost:3000/_next/static/chunks/dd884_next_dist_273b0bec._.js:2297
[ 1402013ms] [ERROR] WebSocket connection to 'ws://localhost:3001/' failed: Error in connection establishment: net::ERR_CONNECTION_REFUSED @ http://localhost:3000/_next/static/chunks/features_chat_d659f97b._.js:65
[ 1402014ms] [LOG] [gateway-client] Disconnected @ http://localhost:3000/_next/static/chunks/dd884_next_dist_273b0bec._.js:2297
[ 1402014ms] [LOG] [gateway-client] Reconnect attempt 2/10 in 6000ms @ http://localhost:3000/_next/static/chunks/dd884_next_dist_273b0bec._.js:2297
[ 1408027ms] [LOG] [gateway-client] Connected @ http://localhost:3000/_next/static/chunks/dd884_next_dist_273b0bec._.js:2297
[ 1413830ms] [LOG] [gateway-client] Disconnected @ http://localhost:3000/_next/static/chunks/dd884_next_dist_273b0bec._.js:2297
[ 1413830ms] [LOG] [gateway-client] Reconnect attempt 1/10 in 3000ms @ http://localhost:3000/_next/static/chunks/dd884_next_dist_273b0bec._.js:2297
[ 1418864ms] [LOG] [gateway-client] Connected @ http://localhost:3000/_next/static/chunks/dd884_next_dist_273b0bec._.js:2297
