[     127ms] [LOG] [Fast Refresh] rebuilding @ http://localhost:3000/_next/static/chunks/dd884_next_dist_273b0bec._.js:2297
[     961ms] [LOG] [Fast Refresh] done in 944ms @ http://localhost:3000/_next/static/chunks/dd884_next_dist_273b0bec._.js:2297
[    1053ms] [INFO] %cDownload the React DevTools for a better development experience: https://react.dev/link/react-devtools font-weight:bold @ http://localhost:3000/_next/static/chunks/dd884_next_dist_273b0bec._.js:2297
[    1072ms] [LOG] [HMR] connected @ http://localhost:3000/_next/static/chunks/dd884_next_dist_273b0bec._.js:2297
[    1114ms] [ERROR] Failed to load resource: the server responded with a status of 401 (Unauthorized) @ http://localhost:3001/api/v1/records?limit=50:0
[    1194ms] [LOG] [Fast Refresh] rebuilding @ http://localhost:3000/_next/static/chunks/dd884_next_dist_273b0bec._.js:2297
[    1203ms] [LOG] [Fast Refresh] done in 110ms @ http://localhost:3000/_next/static/chunks/dd884_next_dist_273b0bec._.js:2297
[    1589ms] Error: Objects are not valid as a React child (found: object with keys {id, name}). If you meant to render a collection of children, use an array instead.
    at throwOnInvalidObjectTypeImpl (http://localhost:3000/_next/static/chunks/dd884_next_dist_compiled_react-dom_ff212778._.js:3951:15)
    at throwOnInvalidObjectType (http://localhost:3000/_next/static/chunks/dd884_next_dist_compiled_react-dom_ff212778._.js:3955:110)
    at reconcileChildFibersImpl (http://localhost:3000/_next/static/chunks/dd884_next_dist_compiled_react-dom_ff212778._.js:4280:17)
    at http://localhost:3000/_next/static/chunks/dd884_next_dist_compiled_react-dom_ff212778._.js:4292:39
    at reconcileChildren (http://localhost:3000/_next/static/chunks/dd884_next_dist_compiled_react-dom_ff212778._.js:5929:51)
    at beginWork (http://localhost:3000/_next/static/chunks/dd884_next_dist_compiled_react-dom_ff212778._.js:6775:1573)
    at runWithFiberInDEV (http://localhost:3000/_next/static/chunks/dd884_next_dist_compiled_react-dom_ff212778._.js:965:74)
    at performUnitOfWork (http://localhost:3000/_next/static/chunks/dd884_next_dist_compiled_react-dom_ff212778._.js:9562:97)
    at workLoopSync (http://localhost:3000/_next/static/chunks/dd884_next_dist_compiled_react-dom_ff212778._.js:9456:40)
    at renderRootSync (http://localhost:3000/_next/static/chunks/dd884_next_dist_compiled_react-dom_ff212778._.js:9440:13)
    at performWorkOnRoot (http://localhost:3000/_next/static/chunks/dd884_next_dist_compiled_react-dom_ff212778._.js:9105:47)
    at performWorkOnRootViaSchedulerTask (http://localhost:3000/_next/static/chunks/dd884_next_dist_compiled_react-dom_ff212778._.js:10230:9)
    at MessagePort.performWorkUntilDeadline (http://localhost:3000/_next/static/chunks/dd884_next_dist_compiled_8268c86a._.js:2647:64)
