[     330ms] [INFO] %cDownload the React DevTools for a better development experience: https://react.dev/link/react-devtools font-weight:bold @ http://localhost:3000/_next/static/chunks/dd884_next_dist_273b0bec._.js:2297
[     383ms] [LOG] [HMR] connected @ http://localhost:3000/_next/static/chunks/dd884_next_dist_273b0bec._.js:2297
[     746ms] [LOG] [gateway-client] Connected @ http://localhost:3000/_next/static/chunks/dd884_next_dist_273b0bec._.js:2297
[   24708ms] [LOG] [Fast Refresh] rebuilding @ http://localhost:3000/_next/static/chunks/dd884_next_dist_273b0bec._.js:2297
[   24737ms] [LOG] [Fast Refresh] done in 130ms @ http://localhost:3000/_next/static/chunks/dd884_next_dist_273b0bec._.js:2297
[   25723ms] [LOG] [Fast Refresh] rebuilding @ http://localhost:3000/_next/static/chunks/dd884_next_dist_273b0bec._.js:2297
[   25746ms] [LOG] [Fast Refresh] done in 126ms @ http://localhost:3000/_next/static/chunks/dd884_next_dist_273b0bec._.js:2297
[   91467ms] [ERROR] Unable to preventDefault inside passive event listener invocation. @ http://localhost:3000/_next/static/chunks/dd884_next_dist_compiled_react-dom_ff212778._.js:2325
[   91479ms] [ERROR] Unable to preventDefault inside passive event listener invocation. @ http://localhost:3000/_next/static/chunks/dd884_next_dist_compiled_react-dom_ff212778._.js:2325
[   91491ms] [ERROR] Unable to preventDefault inside passive event listener invocation. @ http://localhost:3000/_next/static/chunks/dd884_next_dist_compiled_react-dom_ff212778._.js:2325
[   91502ms] [ERROR] Unable to preventDefault inside passive event listener invocation. @ http://localhost:3000/_next/static/chunks/dd884_next_dist_compiled_react-dom_ff212778._.js:2325
[   91514ms] [ERROR] Unable to preventDefault inside passive event listener invocation. @ http://localhost:3000/_next/static/chunks/dd884_next_dist_compiled_react-dom_ff212778._.js:2325
[   91527ms] [ERROR] Unable to preventDefault inside passive event listener invocation. @ http://localhost:3000/_next/static/chunks/dd884_next_dist_compiled_react-dom_ff212778._.js:2325
[   91540ms] [ERROR] Unable to preventDefault inside passive event listener invocation. @ http://localhost:3000/_next/static/chunks/dd884_next_dist_compiled_react-dom_ff212778._.js:2325
[   91558ms] [ERROR] Unable to preventDefault inside passive event listener invocation. @ http://localhost:3000/_next/static/chunks/dd884_next_dist_compiled_react-dom_ff212778._.js:2325
[   91569ms] [ERROR] Unable to preventDefault inside passive event listener invocation. @ http://localhost:3000/_next/static/chunks/dd884_next_dist_compiled_react-dom_ff212778._.js:2325
[   91581ms] [ERROR] Unable to preventDefault inside passive event listener invocation. @ http://localhost:3000/_next/static/chunks/dd884_next_dist_compiled_react-dom_ff212778._.js:2325
[   91594ms] [ERROR] Unable to preventDefault inside passive event listener invocation. @ http://localhost:3000/_next/static/chunks/dd884_next_dist_compiled_react-dom_ff212778._.js:2325
[   91607ms] [ERROR] Unable to preventDefault inside passive event listener invocation. @ http://localhost:3000/_next/static/chunks/dd884_next_dist_compiled_react-dom_ff212778._.js:2325
[   91619ms] [ERROR] Unable to preventDefault inside passive event listener invocation. @ http://localhost:3000/_next/static/chunks/dd884_next_dist_compiled_react-dom_ff212778._.js:2325
[   91630ms] [ERROR] Unable to preventDefault inside passive event listener invocation. @ http://localhost:3000/_next/static/chunks/dd884_next_dist_compiled_react-dom_ff212778._.js:2325
[   91643ms] [ERROR] Unable to preventDefault inside passive event listener invocation. @ http://localhost:3000/_next/static/chunks/dd884_next_dist_compiled_react-dom_ff212778._.js:2325
[   91655ms] [ERROR] Unable to preventDefault inside passive event listener invocation. @ http://localhost:3000/_next/static/chunks/dd884_next_dist_compiled_react-dom_ff212778._.js:2325
[   91668ms] [ERROR] Unable to preventDefault inside passive event listener invocation. @ http://localhost:3000/_next/static/chunks/dd884_next_dist_compiled_react-dom_ff212778._.js:2325
[   91680ms] [ERROR] Unable to preventDefault inside passive event listener invocation. @ http://localhost:3000/_next/static/chunks/dd884_next_dist_compiled_react-dom_ff212778._.js:2325
[   91692ms] [ERROR] Unable to preventDefault inside passive event listener invocation. @ http://localhost:3000/_next/static/chunks/dd884_next_dist_compiled_react-dom_ff212778._.js:2325
[  134959ms] [LOG] [Fast Refresh] rebuilding @ http://localhost:3000/_next/static/chunks/dd884_next_dist_273b0bec._.js:2297
[  135343ms] [LOG] [Fast Refresh] done in 461ms @ http://localhost:3000/_next/static/chunks/dd884_next_dist_273b0bec._.js:2297
[  157407ms] [LOG] [Fast Refresh] rebuilding @ http://localhost:3000/_next/static/chunks/dd884_next_dist_273b0bec._.js:2297
[  157650ms] ReferenceError: handleTouchStart is not defined
    at SwipeableTaskItem (http://localhost:3000/_next/static/chunks/features_todos_f066ea09._.js?id=%255Bproject%255D%252Ffeatures%252Ftodos%252Fcomponents%252Fswipeable-task-item.tsx+%255Bapp-client%255D+%2528ecmascript%2529:267:31)
    at Object.react_stack_bottom_frame (http://localhost:3000/_next/static/chunks/dd884_next_dist_compiled_react-dom_ff212778._.js:14826:24)
    at renderWithHooks (http://localhost:3000/_next/static/chunks/dd884_next_dist_compiled_react-dom_ff212778._.js:4651:24)
    at updateFunctionComponent (http://localhost:3000/_next/static/chunks/dd884_next_dist_compiled_react-dom_ff212778._.js:6112:21)
    at beginWork (http://localhost:3000/_next/static/chunks/dd884_next_dist_compiled_react-dom_ff212778._.js:6708:24)
    at runWithFiberInDEV (http://localhost:3000/_next/static/chunks/dd884_next_dist_compiled_react-dom_ff212778._.js:965:74)
    at performUnitOfWork (http://localhost:3000/_next/static/chunks/dd884_next_dist_compiled_react-dom_ff212778._.js:9562:97)
    at workLoopSync (http://localhost:3000/_next/static/chunks/dd884_next_dist_compiled_react-dom_ff212778._.js:9456:40)
    at renderRootSync (http://localhost:3000/_next/static/chunks/dd884_next_dist_compiled_react-dom_ff212778._.js:9440:13)
    at performWorkOnRoot (http://localhost:3000/_next/static/chunks/dd884_next_dist_compiled_react-dom_ff212778._.js:9105:47)
    at performSyncWorkOnRoot (http://localhost:3000/_next/static/chunks/dd884_next_dist_compiled_react-dom_ff212778._.js:10238:9)
    at flushSyncWorkAcrossRoots_impl (http://localhost:3000/_next/static/chunks/dd884_next_dist_compiled_react-dom_ff212778._.js:10154:316)
    at flushSyncWork$1 (http://localhost:3000/_next/static/chunks/dd884_next_dist_compiled_react-dom_ff212778._.js:9237:86)
    at Object.scheduleRefresh (http://localhost:3000/_next/static/chunks/dd884_next_dist_compiled_react-dom_ff212778._.js:299:13)
    at http://localhost:3000/_next/static/chunks/dd884_next_dist_compiled_8268c86a._.js:391:33
    at Set.forEach (<anonymous>)
    at Object.performReactRefresh (http://localhost:3000/_next/static/chunks/dd884_next_dist_compiled_8268c86a._.js:384:38)
    at applyUpdate (http://localhost:3000/_next/static/chunks/dd884_next_dist_compiled_8268c86a._.js:878:31)
    at http://localhost:3000/_next/static/chunks/dd884_next_dist_compiled_8268c86a._.js:886:13
[  157671ms] [LOG] [Fast Refresh] done in 301ms @ http://localhost:3000/_next/static/chunks/dd884_next_dist_273b0bec._.js:2297
[  167253ms] [LOG] [Fast Refresh] rebuilding @ http://localhost:3000/_next/static/chunks/dd884_next_dist_273b0bec._.js:2297
[  167411ms] [WARNING] [Fast Refresh] performing full reload because your application had an unrecoverable error @ http://localhost:3000/_next/static/chunks/dd884_next_dist_273b0bec._.js:2297
[  167477ms] [LOG] [Fast Refresh] done in 267ms @ http://localhost:3000/_next/static/chunks/dd884_next_dist_273b0bec._.js:2297
[  167635ms] [LOG] [Fast Refresh] rebuilding @ http://localhost:3000/_next/static/chunks/dd884_next_dist_273b0bec._.js:2297
[  169907ms] [LOG] [Fast Refresh] done in 2409ms @ http://localhost:3000/_next/static/chunks/dd884_next_dist_273b0bec._.js:2297
[  170010ms] [LOG] [Fast Refresh] rebuilding @ http://localhost:3000/_next/static/chunks/dd884_next_dist_273b0bec._.js:2297
[  170419ms] [INFO] %cDownload the React DevTools for a better development experience: https://react.dev/link/react-devtools font-weight:bold @ http://localhost:3000/_next/static/chunks/dd884_next_dist_273b0bec._.js:2297
[  170483ms] [LOG] [HMR] connected @ http://localhost:3000/_next/static/chunks/dd884_next_dist_273b0bec._.js:2297
[  171196ms] [LOG] [gateway-client] Connected @ http://localhost:3000/_next/static/chunks/dd884_next_dist_273b0bec._.js:2297
